\BOOKMARK [0][-]{chapter.1}{\376\377\0001\000\040\000W\000a\000r\000\040\000T\000h\000e\000a\000t\000r\000e\000\040\000S\000i\000m\000u\000l\000a\000t\000o\000r}{}% 1
\BOOKMARK [0][-]{chapter.2}{\376\377\0002\000\040\000N\000a\000m\000e\000s\000p\000a\000c\000e\000\040\000I\000n\000d\000e\000x}{}% 2
\BOOKMARK [1][-]{section.2.1}{\376\377\0002\000.\0001\000\040\000N\000a\000m\000e\000s\000p\000a\000c\000e\000\040\000L\000i\000s\000t}{chapter.2}% 3
\BOOKMARK [0][-]{chapter.3}{\376\377\0003\000\040\000H\000i\000e\000r\000a\000r\000c\000h\000i\000c\000a\000l\000\040\000I\000n\000d\000e\000x}{}% 4
\BOOKMARK [1][-]{section.3.1}{\376\377\0003\000.\0001\000\040\000C\000l\000a\000s\000s\000\040\000H\000i\000e\000r\000a\000r\000c\000h\000y}{chapter.3}% 5
\BOOKMARK [0][-]{chapter.4}{\376\377\0004\000\040\000C\000l\000a\000s\000s\000\040\000I\000n\000d\000e\000x}{}% 6
\BOOKMARK [1][-]{section.4.1}{\376\377\0004\000.\0001\000\040\000C\000l\000a\000s\000s\000\040\000L\000i\000s\000t}{chapter.4}% 7
\BOOKMARK [0][-]{chapter.5}{\376\377\0005\000\040\000F\000i\000l\000e\000\040\000I\000n\000d\000e\000x}{}% 8
\BOOKMARK [1][-]{section.5.1}{\376\377\0005\000.\0001\000\040\000F\000i\000l\000e\000\040\000L\000i\000s\000t}{chapter.5}% 9
\BOOKMARK [0][-]{chapter.6}{\376\377\0006\000\040\000N\000a\000m\000e\000s\000p\000a\000c\000e\000\040\000D\000o\000c\000u\000m\000e\000n\000t\000a\000t\000i\000o\000n}{}% 10
\BOOKMARK [1][-]{section.6.1}{\376\377\0006\000.\0001\000\040\000b\000a\000s\000e\000A\000t\000t\000a\000c\000k\000\040\000N\000a\000m\000e\000s\000p\000a\000c\000e\000\040\000R\000e\000f\000e\000r\000e\000n\000c\000e}{chapter.6}% 11
\BOOKMARK [2][-]{subsection.6.1.1}{\376\377\0006\000.\0001\000.\0001\000\040\000D\000e\000t\000a\000i\000l\000e\000d\000\040\000D\000e\000s\000c\000r\000i\000p\000t\000i\000o\000n}{section.6.1}% 12
\BOOKMARK [1][-]{section.6.2}{\376\377\0006\000.\0002\000\040\000T\000e\000r\000r\000a\000i\000n\000\040\000N\000a\000m\000e\000s\000p\000a\000c\000e\000\040\000R\000e\000f\000e\000r\000e\000n\000c\000e}{chapter.6}% 13
\BOOKMARK [2][-]{subsection.6.2.1}{\376\377\0006\000.\0002\000.\0001\000\040\000D\000e\000t\000a\000i\000l\000e\000d\000\040\000D\000e\000s\000c\000r\000i\000p\000t\000i\000o\000n}{section.6.2}% 14
\BOOKMARK [1][-]{section.6.3}{\376\377\0006\000.\0003\000\040\000U\000n\000i\000t\000C\000a\000t\000e\000g\000o\000r\000y\000\040\000N\000a\000m\000e\000s\000p\000a\000c\000e\000\040\000R\000e\000f\000e\000r\000e\000n\000c\000e}{chapter.6}% 15
\BOOKMARK [2][-]{subsection.6.3.1}{\376\377\0006\000.\0003\000.\0001\000\040\000D\000e\000t\000a\000i\000l\000e\000d\000\040\000D\000e\000s\000c\000r\000i\000p\000t\000i\000o\000n}{section.6.3}% 16
\BOOKMARK [0][-]{chapter.7}{\376\377\0007\000\040\000C\000l\000a\000s\000s\000\040\000D\000o\000c\000u\000m\000e\000n\000t\000a\000t\000i\000o\000n}{}% 17
\BOOKMARK [1][-]{section.7.1}{\376\377\0007\000.\0001\000\040\000A\000r\000e\000a\000\040\000C\000l\000a\000s\000s\000\040\000R\000e\000f\000e\000r\000e\000n\000c\000e}{chapter.7}% 18
\BOOKMARK [2][-]{subsection.7.1.1}{\376\377\0007\000.\0001\000.\0001\000\040\000M\000e\000m\000b\000e\000r\000\040\000F\000u\000n\000c\000t\000i\000o\000n\000\040\000D\000o\000c\000u\000m\000e\000n\000t\000a\000t\000i\000o\000n}{section.7.1}% 19
\BOOKMARK [3][-]{subsubsection.7.1.1.1}{\376\377\0007\000.\0001\000.\0001\000.\0001\000\040\000g\000e\000t\000U\000n\000i\000t\000\050\000\051}{subsection.7.1.1}% 20
\BOOKMARK [3][-]{subsubsection.7.1.1.2}{\376\377\0007\000.\0001\000.\0001\000.\0002\000\040\000g\000e\000t\000U\000n\000i\000t\000O\000n\000P\000o\000s\000i\000t\000i\000o\000n\000\050\000\051}{subsection.7.1.1}% 21
\BOOKMARK [3][-]{subsubsection.7.1.1.3}{\376\377\0007\000.\0001\000.\0001\000.\0003\000\040\000g\000e\000t\000U\000n\000i\000t\000s\000O\000f\000F\000a\000c\000t\000i\000o\000n\000\050\000\051}{subsection.7.1.1}% 22
\BOOKMARK [3][-]{subsubsection.7.1.1.4}{\376\377\0007\000.\0001\000.\0001\000.\0004\000\040\000i\000s\000R\000e\000a\000l\000P\000o\000s\000i\000t\000i\000o\000n\000\050\000\051}{subsection.7.1.1}% 23
\BOOKMARK [1][-]{section.7.2}{\376\377\0007\000.\0002\000\040\000A\000r\000e\000a\000M\000a\000n\000a\000g\000e\000r\000\040\000C\000l\000a\000s\000s\000\040\000R\000e\000f\000e\000r\000e\000n\000c\000e}{chapter.7}% 24
\BOOKMARK [2][-]{subsection.7.2.1}{\376\377\0007\000.\0002\000.\0001\000\040\000M\000e\000m\000b\000e\000r\000\040\000F\000u\000n\000c\000t\000i\000o\000n\000\040\000D\000o\000c\000u\000m\000e\000n\000t\000a\000t\000i\000o\000n}{section.7.2}% 25
\BOOKMARK [3][-]{subsubsection.7.2.1.1}{\376\377\0007\000.\0002\000.\0001\000.\0001\000\040\000c\000r\000e\000a\000t\000e\000F\000i\000e\000l\000d\000\050\000\051}{subsection.7.2.1}% 26
\BOOKMARK [3][-]{subsubsection.7.2.1.2}{\376\377\0007\000.\0002\000.\0001\000.\0002\000\040\000c\000r\000e\000a\000t\000e\000U\000n\000i\000t\000\050\000\051}{subsection.7.2.1}% 27
\BOOKMARK [3][-]{subsubsection.7.2.1.3}{\376\377\0007\000.\0002\000.\0001\000.\0003\000\040\000m\000o\000v\000e\000U\000n\000i\000t\000\050\000\051}{subsection.7.2.1}% 28
\BOOKMARK [3][-]{subsubsection.7.2.1.4}{\376\377\0007\000.\0002\000.\0001\000.\0004\000\040\000r\000e\000m\000o\000v\000e\000U\000n\000i\000t\000\050\000\051}{subsection.7.2.1}% 29
\BOOKMARK [1][-]{section.7.3}{\376\377\0007\000.\0003\000\040\000A\000r\000t\000i\000l\000l\000e\000r\000y\000\040\000C\000l\000a\000s\000s\000\040\000R\000e\000f\000e\000r\000e\000n\000c\000e}{chapter.7}% 30
\BOOKMARK [2][-]{subsection.7.3.1}{\376\377\0007\000.\0003\000.\0001\000\040\000M\000e\000m\000b\000e\000r\000\040\000F\000u\000n\000c\000t\000i\000o\000n\000\040\000D\000o\000c\000u\000m\000e\000n\000t\000a\000t\000i\000o\000n}{section.7.3}% 31
\BOOKMARK [3][-]{subsubsection.7.3.1.1}{\376\377\0007\000.\0003\000.\0001\000.\0001\000\040\000g\000e\000t\000B\000a\000s\000e\000A\000t\000t\000a\000c\000k\000\050\000\051}{subsection.7.3.1}% 32
\BOOKMARK [3][-]{subsubsection.7.3.1.2}{\376\377\0007\000.\0003\000.\0001\000.\0002\000\040\000g\000e\000t\000T\000y\000p\000e\000\050\000\051}{subsection.7.3.1}% 33
\BOOKMARK [1][-]{section.7.4}{\376\377\0007\000.\0004\000\040\000B\000a\000t\000t\000l\000e\000R\000e\000s\000u\000l\000t\000\040\000C\000l\000a\000s\000s\000\040\000R\000e\000f\000e\000r\000e\000n\000c\000e}{chapter.7}% 34
\BOOKMARK [2][-]{subsection.7.4.1}{\376\377\0007\000.\0004\000.\0001\000\040\000D\000e\000t\000a\000i\000l\000e\000d\000\040\000D\000e\000s\000c\000r\000i\000p\000t\000i\000o\000n}{section.7.4}% 35
\BOOKMARK [2][-]{subsection.7.4.2}{\376\377\0007\000.\0004\000.\0002\000\040\000M\000e\000m\000b\000e\000r\000\040\000F\000u\000n\000c\000t\000i\000o\000n\000\040\000D\000o\000c\000u\000m\000e\000n\000t\000a\000t\000i\000o\000n}{section.7.4}% 36
\BOOKMARK [3][-]{subsubsection.7.4.2.1}{\376\377\0007\000.\0004\000.\0002\000.\0001\000\040\000c\000a\000l\000c\000u\000l\000a\000t\000e\000A\000t\000t\000a\000c\000k\000e\000r\000S\000u\000p\000p\000l\000y\000L\000o\000s\000s\000\050\000\051}{subsection.7.4.2}% 37
\BOOKMARK [3][-]{subsubsection.7.4.2.2}{\376\377\0007\000.\0004\000.\0002\000.\0002\000\040\000c\000a\000l\000c\000u\000l\000a\000t\000e\000B\000a\000c\000k\000s\000l\000a\000s\000h\000D\000a\000m\000a\000g\000e\000\050\000\051}{subsection.7.4.2}% 38
\BOOKMARK [3][-]{subsubsection.7.4.2.3}{\376\377\0007\000.\0004\000.\0002\000.\0003\000\040\000c\000a\000l\000c\000u\000l\000a\000t\000e\000D\000a\000m\000a\000g\000e\000\050\000\051}{subsection.7.4.2}% 39
\BOOKMARK [3][-]{subsubsection.7.4.2.4}{\376\377\0007\000.\0004\000.\0002\000.\0004\000\040\000c\000a\000l\000c\000u\000l\000a\000t\000e\000D\000e\000f\000e\000n\000d\000e\000r\000S\000u\000p\000p\000l\000y\000L\000o\000s\000s\000\050\000\051}{subsection.7.4.2}% 40
\BOOKMARK [3][-]{subsubsection.7.4.2.5}{\376\377\0007\000.\0004\000.\0002\000.\0005\000\040\000g\000e\000t\000D\000e\000f\000e\000n\000d\000e\000r\000F\000i\000e\000l\000d\000\050\000\051}{subsection.7.4.2}% 41
\BOOKMARK [1][-]{section.7.5}{\376\377\0007\000.\0005\000\040\000F\000i\000e\000l\000d\000\040\000C\000l\000a\000s\000s\000\040\000R\000e\000f\000e\000r\000e\000n\000c\000e}{chapter.7}% 42
\BOOKMARK [2][-]{subsection.7.5.1}{\376\377\0007\000.\0005\000.\0001\000\040\000M\000e\000m\000b\000e\000r\000\040\000F\000u\000n\000c\000t\000i\000o\000n\000\040\000D\000o\000c\000u\000m\000e\000n\000t\000a\000t\000i\000o\000n}{section.7.5}% 43
\BOOKMARK [3][-]{subsubsection.7.5.1.1}{\376\377\0007\000.\0005\000.\0001\000.\0001\000\040\000g\000e\000t\000P\000o\000s\000i\000t\000i\000o\000n\000\050\000\051}{subsection.7.5.1}% 44
\BOOKMARK [3][-]{subsubsection.7.5.1.2}{\376\377\0007\000.\0005\000.\0001\000.\0002\000\040\000g\000e\000t\000T\000e\000r\000r\000a\000i\000n\000T\000y\000p\000e\000\050\000\051}{subsection.7.5.1}% 45
\BOOKMARK [1][-]{section.7.6}{\376\377\0007\000.\0006\000\040\000F\000i\000e\000l\000d\000T\000y\000p\000e\000\040\000C\000l\000a\000s\000s\000\040\000R\000e\000f\000e\000r\000e\000n\000c\000e}{chapter.7}% 46
\BOOKMARK [2][-]{subsection.7.6.1}{\376\377\0007\000.\0006\000.\0001\000\040\000D\000e\000t\000a\000i\000l\000e\000d\000\040\000D\000e\000s\000c\000r\000i\000p\000t\000i\000o\000n}{section.7.6}% 47
\BOOKMARK [2][-]{subsection.7.6.2}{\376\377\0007\000.\0006\000.\0002\000\040\000M\000e\000m\000b\000e\000r\000\040\000F\000u\000n\000c\000t\000i\000o\000n\000\040\000D\000o\000c\000u\000m\000e\000n\000t\000a\000t\000i\000o\000n}{section.7.6}% 48
\BOOKMARK [3][-]{subsubsection.7.6.2.1}{\376\377\0007\000.\0006\000.\0002\000.\0001\000\040\000g\000e\000t\000T\000e\000r\000r\000a\000i\000n\000T\000y\000p\000e\000\050\000\051}{subsection.7.6.2}% 49
\BOOKMARK [1][-]{section.7.7}{\376\377\0007\000.\0007\000\040\000F\000o\000r\000e\000s\000t\000T\000e\000r\000r\000a\000i\000n\000\040\000C\000l\000a\000s\000s\000\040\000R\000e\000f\000e\000r\000e\000n\000c\000e}{chapter.7}% 50
\BOOKMARK [1][-]{section.7.8}{\376\377\0007\000.\0008\000\040\000I\000n\000f\000a\000n\000t\000r\000y\000\040\000C\000l\000a\000s\000s\000\040\000R\000e\000f\000e\000r\000e\000n\000c\000e}{chapter.7}% 51
\BOOKMARK [2][-]{subsection.7.8.1}{\376\377\0007\000.\0008\000.\0001\000\040\000M\000e\000m\000b\000e\000r\000\040\000F\000u\000n\000c\000t\000i\000o\000n\000\040\000D\000o\000c\000u\000m\000e\000n\000t\000a\000t\000i\000o\000n}{section.7.8}% 52
\BOOKMARK [3][-]{subsubsection.7.8.1.1}{\376\377\0007\000.\0008\000.\0001\000.\0001\000\040\000g\000e\000t\000B\000a\000s\000e\000A\000t\000t\000a\000c\000k\000\050\000\051}{subsection.7.8.1}% 53
\BOOKMARK [3][-]{subsubsection.7.8.1.2}{\376\377\0007\000.\0008\000.\0001\000.\0002\000\040\000g\000e\000t\000T\000y\000p\000e\000\050\000\051}{subsection.7.8.1}% 54
\BOOKMARK [1][-]{section.7.9}{\376\377\0007\000.\0009\000\040\000P\000l\000a\000i\000n\000T\000e\000r\000r\000a\000i\000n\000\040\000C\000l\000a\000s\000s\000\040\000R\000e\000f\000e\000r\000e\000n\000c\000e}{chapter.7}% 55
\BOOKMARK [1][-]{section.7.10}{\376\377\0007\000.\0001\0000\000\040\000P\000o\000s\000i\000t\000i\000o\000n\000\040\000C\000l\000a\000s\000s\000\040\000R\000e\000f\000e\000r\000e\000n\000c\000e}{chapter.7}% 56
\BOOKMARK [2][-]{subsection.7.10.1}{\376\377\0007\000.\0001\0000\000.\0001\000\040\000D\000e\000t\000a\000i\000l\000e\000d\000\040\000D\000e\000s\000c\000r\000i\000p\000t\000i\000o\000n}{section.7.10}% 57
\BOOKMARK [1][-]{section.7.11}{\376\377\0007\000.\0001\0001\000\040\000T\000a\000n\000k\000\040\000C\000l\000a\000s\000s\000\040\000R\000e\000f\000e\000r\000e\000n\000c\000e}{chapter.7}% 58
\BOOKMARK [2][-]{subsection.7.11.1}{\376\377\0007\000.\0001\0001\000.\0001\000\040\000M\000e\000m\000b\000e\000r\000\040\000F\000u\000n\000c\000t\000i\000o\000n\000\040\000D\000o\000c\000u\000m\000e\000n\000t\000a\000t\000i\000o\000n}{section.7.11}% 59
\BOOKMARK [3][-]{subsubsection.7.11.1.1}{\376\377\0007\000.\0001\0001\000.\0001\000.\0001\000\040\000g\000e\000t\000B\000a\000s\000e\000A\000t\000t\000a\000c\000k\000\050\000\051}{subsection.7.11.1}% 60
\BOOKMARK [3][-]{subsubsection.7.11.1.2}{\376\377\0007\000.\0001\0001\000.\0001\000.\0002\000\040\000g\000e\000t\000T\000y\000p\000e\000\050\000\051}{subsection.7.11.1}% 61
\BOOKMARK [1][-]{section.7.12}{\376\377\0007\000.\0001\0002\000\040\000U\000n\000i\000t\000\040\000C\000l\000a\000s\000s\000\040\000R\000e\000f\000e\000r\000e\000n\000c\000e}{chapter.7}% 62
\BOOKMARK [2][-]{subsection.7.12.1}{\376\377\0007\000.\0001\0002\000.\0001\000\040\000D\000e\000t\000a\000i\000l\000e\000d\000\040\000D\000e\000s\000c\000r\000i\000p\000t\000i\000o\000n}{section.7.12}% 63
\BOOKMARK [2][-]{subsection.7.12.2}{\376\377\0007\000.\0001\0002\000.\0002\000\040\000M\000e\000m\000b\000e\000r\000\040\000F\000u\000n\000c\000t\000i\000o\000n\000\040\000D\000o\000c\000u\000m\000e\000n\000t\000a\000t\000i\000o\000n}{section.7.12}% 64
\BOOKMARK [3][-]{subsubsection.7.12.2.1}{\376\377\0007\000.\0001\0002\000.\0002\000.\0001\000\040\000g\000e\000t\000B\000a\000s\000e\000A\000t\000t\000a\000c\000k\000\050\000\051}{subsection.7.12.2}% 65
\BOOKMARK [3][-]{subsubsection.7.12.2.2}{\376\377\0007\000.\0001\0002\000.\0002\000.\0002\000\040\000g\000e\000t\000P\000o\000s\000i\000t\000i\000o\000n\000\050\000\051}{subsection.7.12.2}% 66
\BOOKMARK [3][-]{subsubsection.7.12.2.3}{\376\377\0007\000.\0001\0002\000.\0002\000.\0003\000\040\000g\000e\000t\000T\000y\000p\000e\000\050\000\051}{subsection.7.12.2}% 67
\BOOKMARK [3][-]{subsubsection.7.12.2.4}{\376\377\0007\000.\0001\0002\000.\0002\000.\0004\000\040\000g\000e\000t\000U\000n\000i\000t\000F\000a\000c\000t\000i\000o\000n\000I\000D\000\050\000\051}{subsection.7.12.2}% 68
\BOOKMARK [2][-]{subsection.7.12.3}{\376\377\0007\000.\0001\0002\000.\0003\000\040\000M\000e\000m\000b\000e\000r\000\040\000D\000a\000t\000a\000\040\000D\000o\000c\000u\000m\000e\000n\000t\000a\000t\000i\000o\000n}{section.7.12}% 69
\BOOKMARK [3][-]{subsubsection.7.12.3.1}{\376\377\0007\000.\0001\0002\000.\0003\000.\0001\000\040\000o\000r\000g\000a\000n\000i\000z\000a\000t\000i\000o\000n}{subsection.7.12.3}% 70
\BOOKMARK [3][-]{subsubsection.7.12.3.2}{\376\377\0007\000.\0001\0002\000.\0003\000.\0002\000\040\000s\000u\000p\000p\000l\000y\000L\000e\000v\000e\000l}{subsection.7.12.3}% 71
\BOOKMARK [1][-]{section.7.13}{\376\377\0007\000.\0001\0003\000\040\000U\000r\000b\000a\000n\000T\000e\000r\000r\000a\000i\000n\000\040\000C\000l\000a\000s\000s\000\040\000R\000e\000f\000e\000r\000e\000n\000c\000e}{chapter.7}% 72
\BOOKMARK [0][-]{chapter.8}{\376\377\0008\000\040\000F\000i\000l\000e\000\040\000D\000o\000c\000u\000m\000e\000n\000t\000a\000t\000i\000o\000n}{}% 73
\BOOKMARK [1][-]{section.8.1}{\376\377\0008\000.\0001\000\040\000i\000n\000c\000l\000u\000d\000e\000/\000a\000r\000e\000a\000.\000h\000\040\000F\000i\000l\000e\000\040\000R\000e\000f\000e\000r\000e\000n\000c\000e}{chapter.8}% 74
\BOOKMARK [2][-]{subsection.8.1.1}{\376\377\0008\000.\0001\000.\0001\000\040\000D\000e\000t\000a\000i\000l\000e\000d\000\040\000D\000e\000s\000c\000r\000i\000p\000t\000i\000o\000n}{section.8.1}% 75
\BOOKMARK [1][-]{section.8.2}{\376\377\0008\000.\0002\000\040\000i\000n\000c\000l\000u\000d\000e\000/\000a\000r\000e\000a\000m\000a\000n\000a\000g\000e\000r\000.\000h\000\040\000F\000i\000l\000e\000\040\000R\000e\000f\000e\000r\000e\000n\000c\000e}{chapter.8}% 76
\BOOKMARK [2][-]{subsection.8.2.1}{\376\377\0008\000.\0002\000.\0001\000\040\000D\000e\000t\000a\000i\000l\000e\000d\000\040\000D\000e\000s\000c\000r\000i\000p\000t\000i\000o\000n}{section.8.2}% 77
\BOOKMARK [1][-]{section.8.3}{\376\377\0008\000.\0003\000\040\000i\000n\000c\000l\000u\000d\000e\000/\000b\000a\000t\000t\000l\000e\000.\000h\000\040\000F\000i\000l\000e\000\040\000R\000e\000f\000e\000r\000e\000n\000c\000e}{chapter.8}% 78
\BOOKMARK [2][-]{subsection.8.3.1}{\376\377\0008\000.\0003\000.\0001\000\040\000D\000e\000t\000a\000i\000l\000e\000d\000\040\000D\000e\000s\000c\000r\000i\000p\000t\000i\000o\000n}{section.8.3}% 79
\BOOKMARK [1][-]{section.8.4}{\376\377\0008\000.\0004\000\040\000i\000n\000c\000l\000u\000d\000e\000/\000f\000i\000e\000l\000d\000.\000h\000\040\000F\000i\000l\000e\000\040\000R\000e\000f\000e\000r\000e\000n\000c\000e}{chapter.8}% 80
\BOOKMARK [2][-]{subsection.8.4.1}{\376\377\0008\000.\0004\000.\0001\000\040\000D\000e\000t\000a\000i\000l\000e\000d\000\040\000D\000e\000s\000c\000r\000i\000p\000t\000i\000o\000n}{section.8.4}% 81
\BOOKMARK [1][-]{section.8.5}{\376\377\0008\000.\0005\000\040\000i\000n\000c\000l\000u\000d\000e\000/\000u\000n\000i\000t\000s\000.\000h\000\040\000F\000i\000l\000e\000\040\000R\000e\000f\000e\000r\000e\000n\000c\000e}{chapter.8}% 82
\BOOKMARK [2][-]{subsection.8.5.1}{\376\377\0008\000.\0005\000.\0001\000\040\000D\000e\000t\000a\000i\000l\000e\000d\000\040\000D\000e\000s\000c\000r\000i\000p\000t\000i\000o\000n}{section.8.5}% 83
\BOOKMARK [0][-]{section*.63}{\376\377\000I\000n\000d\000e\000x}{}% 84
